<?xml version="1.0" encoding="UTF-8"?>
<!-- Generated by org.testng.reporters.JUnitReportReporter -->
<testsuite hostname="bdc4-l-PF28PJ0W" failures="0" tests="1" name="HeadlessTC" time="2.792" errors="0" timestamp="2022-07-11T12:55:10 IST" skipped="0">
  <testcase classname="HeadlessTC" name="TestOne" time="2.792"/>
  <system-out/>
</testsuite> <!-- HeadlessTC -->
