<?xml version="1.0" encoding="UTF-8"?>
<!-- Generated by org.testng.reporters.JUnitReportReporter -->
<testsuite hostname="bdc4-l-PF28PJ0W" failures="0" tests="2" name="TestCases" time="28.664" errors="0" timestamp="2022-07-11T15:28:08 IST" skipped="0">
  <testcase classname="TestCases" name="test1" time="12.125"/>
  <system-out/>
  <testcase classname="TestCases" name="test2" time="16.539"/>
  <system-out/>
</testsuite> <!-- TestCases -->
