<?xml version="1.0" encoding="UTF-8"?>
<!-- Generated by org.testng.reporters.JUnitReportReporter -->
<testsuite hostname="bdc4-l-PF28PJ0W" failures="0" tests="2" name="TestCases" time="37.557" errors="0" timestamp="2022-07-11T19:36:22 IST" skipped="0">
  <testcase classname="TestCases" name="test1" time="19.435"/>
  <system-out/>
  <testcase classname="TestCases" name="test2" time="18.122"/>
  <system-out/>
</testsuite> <!-- TestCases -->
